<?xml version="1.0" encoding="UTF-8"?>
<!-- Generated by org.testng.reporters.JUnitReportReporter -->
<testsuite skipped="0" hostname="CF-LP00152.local" name="com.sevenShifts.test.StringCalculatorTest" tests="11" failures="0" timestamp="17 Oct 2019 14:57:38 GMT" time="0.017" errors="0">
  <testcase name="assertNegativeOneDigitInput" time="0.002" classname="com.sevenShifts.test.StringCalculatorTest"/>
  <testcase name="assertArbitraryMultipleDelimitertInput" time="0.002" classname="com.sevenShifts.test.StringCalculatorTest"/>
  <testcase name="assertArbitraryDelimitertInput" time="0.006" classname="com.sevenShifts.test.StringCalculatorTest"/>
  <testcase name="assertNegativeOneTwoDigitInput" time="0.001" classname="com.sevenShifts.test.StringCalculatorTest"/>
  <testcase name="assertMultipleDelimitertInput" time="0.001" classname="com.sevenShifts.test.StringCalculatorTest"/>
  <testcase name="assertTwoDigitInput" time="0.000" classname="com.sevenShifts.test.StringCalculatorTest"/>
  <testcase name="assertEmptyInput" time="0.001" classname="com.sevenShifts.test.StringCalculatorTest"/>
  <testcase name="assertPlusDelimitertInput" time="0.001" classname="com.sevenShifts.test.StringCalculatorTest"/>
  <testcase name="assertSingleDelimitertInput" time="0.001" classname="com.sevenShifts.test.StringCalculatorTest"/>
  <testcase name="assertSingleDigitInput" time="0.000" classname="com.sevenShifts.test.StringCalculatorTest"/>
  <testcase name="assertInvalidDelimitertInput" time="0.002" classname="com.sevenShifts.test.StringCalculatorTest"/>
</testsuite> <!-- com.sevenShifts.test.StringCalculatorTest -->
